<?xml version="1.0" encoding="UTF-8"?>
<testsuite name="PhoneBookTest" tests="1" skipped="0" failures="0" errors="0" timestamp="2023-02-08T13:39:11" hostname="XANAX" time="63.116">
  <properties/>
  <testcase name="start" classname="PhoneBookTest" time="63.116"/>
  <system-out><![CDATA[?[1;31m
Start test 1?[0m
Start searching (linear search)...
Found 500 / 500 entries. Time taken: 0 min. 2 sec. 818 ms.

Start searching (bubble sort + jump search)...
Found 500 / 500 entries. Time taken: 0 min. 45 sec. 142 ms.
Sorting time: 0 min. 42 sec. 271 ms. - STOPPED, moved to linear search
Searching time: 0 min. 2 sec. 871 ms.

Start searching (quick sort + binary search)...
Found 500 / 500 entries. Time taken: 0 min. 0 sec. 783 ms.
Sorting time: 0 min. 0 sec. 782 ms.
Searching time: 0 min. 0 sec. 1 ms.

Start searching (hash table)...
Found 500 / 500 entries. Time taken: 0 min. 0 sec. 195 ms.
Creating time: 0 min. 0 sec. 195 ms.
Searching time: 0 min. 0 sec. 0 ms.
]]></system-out>
  <system-err><![CDATA[]]></system-err>
</testsuite>
